2025-06-23 11:00:00,022 - INFO - Running job "hourly_report (trigger: cron[minute='0'], next run at: 2025-06-23 09:00:00 UTC)" (scheduled at 2025-06-23 08:00:00+00:00)
2025-06-23 11:00:00,024 - INFO - 🔍 Отримано 9 пар(и) з БД
2025-06-23 11:00:00,025 - INFO - Running job "pulse (trigger: cron[minute='0,15,30,45'], next run at: 2025-06-23 08:15:00 UTC)" (scheduled at 2025-06-23 08:00:00+00:00)
2025-06-23 11:00:00,027 - INFO - 🔍 Отримано 9 пар(и) з БД
2025-06-23 11:00:10,049 - INFO - Job "hourly_report (trigger: cron[minute='0'], next run at: 2025-06-23 09:00:00 UTC)" executed successfully
2025-06-23 11:00:10,845 - INFO - Job "pulse (trigger: cron[minute='0,15,30,45'], next run at: 2025-06-23 08:15:00 UTC)" executed successfully
2025-06-23 11:15:00,011 - INFO - Running job "pulse (trigger: cron[minute='0,15,30,45'], next run at: 2025-06-23 08:30:00 UTC)" (scheduled at 2025-06-23 08:15:00+00:00)
2025-06-23 11:15:00,013 - INFO - 🔍 Отримано 9 пар(и) з БД
2025-06-23 11:15:10,723 - INFO - Job "pulse (trigger: cron[minute='0,15,30,45'], next run at: 2025-06-23 08:30:00 UTC)" executed successfully
2025-06-23 11:30:00,020 - INFO - Running job "pulse (trigger: cron[minute='0,15,30,45'], next run at: 2025-06-23 08:45:00 UTC)" (scheduled at 2025-06-23 08:30:00+00:00)
2025-06-23 11:30:00,021 - INFO - 🔍 Отримано 9 пар(и) з БД
2025-06-23 11:30:10,390 - INFO - Job "pulse (trigger: cron[minute='0,15,30,45'], next run at: 2025-06-23 08:45:00 UTC)" executed successfully
2025-06-23 11:33:12,670 - INFO - Adding job tentatively -- it will be properly scheduled when the scheduler starts
2025-06-23 11:33:12,670 - INFO - Adding job tentatively -- it will be properly scheduled when the scheduler starts
2025-06-23 11:33:12,671 - INFO - Added job "pulse" to job store "default"
2025-06-23 11:33:12,671 - INFO - Added job "hourly_report" to job store "default"
2025-06-23 11:33:12,672 - INFO - Scheduler started
2025-06-23 11:33:12,672 - INFO - ✅ Бот запущено
2025-06-23 11:33:13,131 - INFO - Scheduler started
2025-06-23 11:33:13,131 - INFO - Application started
2025-06-23 11:33:25,907 - INFO - Adding job tentatively -- it will be properly scheduled when the scheduler starts
2025-06-23 11:33:25,907 - INFO - Adding job tentatively -- it will be properly scheduled when the scheduler starts
2025-06-23 11:33:25,908 - INFO - Added job "pulse" to job store "default"
2025-06-23 11:33:25,908 - INFO - Added job "hourly_report" to job store "default"
2025-06-23 11:33:25,909 - INFO - Scheduler started
2025-06-23 11:33:25,909 - INFO - ✅ Бот запущено
2025-06-23 11:33:26,224 - INFO - Scheduler started
2025-06-23 11:33:26,224 - INFO - Application started
2025-06-23 11:33:49,227 - INFO - 🔍 Отримано 9 пар(и) з БД
2025-06-23 11:33:52,424 - INFO - 🔍 Отримано 9 пар(и) з БД
2025-06-23 11:33:58,955 - INFO - 🗑 Deleted pair id=9
2025-06-23 11:45:00,102 - INFO - Running job "pulse (trigger: cron[minute='0,15,30,45'], next run at: 2025-06-23 09:00:00 UTC)" (scheduled at 2025-06-23 08:45:00+00:00)
2025-06-23 11:45:00,497 - INFO - 🔍 Отримано 8 пар(и) з БД
2025-06-23 11:45:12,580 - INFO - Job "pulse (trigger: cron[minute='0,15,30,45'], next run at: 2025-06-23 09:00:00 UTC)" executed successfully
2025-06-23 12:00:00,026 - INFO - Running job "hourly_report (trigger: cron[minute='0'], next run at: 2025-06-23 10:00:00 UTC)" (scheduled at 2025-06-23 09:00:00+00:00)
2025-06-23 12:00:00,028 - INFO - 🔍 Отримано 8 пар(и) з БД
2025-06-23 12:00:00,032 - INFO - Running job "pulse (trigger: cron[minute='0,15,30,45'], next run at: 2025-06-23 09:15:00 UTC)" (scheduled at 2025-06-23 09:00:00+00:00)
2025-06-23 12:00:00,034 - INFO - 🔍 Отримано 8 пар(и) з БД
2025-06-23 12:00:08,894 - INFO - Job "hourly_report (trigger: cron[minute='0'], next run at: 2025-06-23 10:00:00 UTC)" executed successfully
2025-06-23 12:00:09,808 - INFO - Job "pulse (trigger: cron[minute='0,15,30,45'], next run at: 2025-06-23 09:15:00 UTC)" executed successfully
2025-06-23 12:15:00,038 - INFO - Running job "pulse (trigger: cron[minute='0,15,30,45'], next run at: 2025-06-23 09:30:00 UTC)" (scheduled at 2025-06-23 09:15:00+00:00)
2025-06-23 12:15:00,044 - INFO - 🔍 Отримано 8 пар(и) з БД
2025-06-23 12:15:10,260 - INFO - Job "pulse (trigger: cron[minute='0,15,30,45'], next run at: 2025-06-23 09:30:00 UTC)" executed successfully
2025-06-23 12:30:00,065 - INFO - Running job "pulse (trigger: cron[minute='0,15,30,45'], next run at: 2025-06-23 09:45:00 UTC)" (scheduled at 2025-06-23 09:30:00+00:00)
2025-06-23 12:30:00,066 - INFO - 🔍 Отримано 8 пар(и) з БД
2025-06-23 12:30:09,688 - INFO - Job "pulse (trigger: cron[minute='0,15,30,45'], next run at: 2025-06-23 09:45:00 UTC)" executed successfully
2025-06-23 12:45:00,057 - INFO - Running job "pulse (trigger: cron[minute='0,15,30,45'], next run at: 2025-06-23 10:00:00 UTC)" (scheduled at 2025-06-23 09:45:00+00:00)
2025-06-23 12:45:00,058 - INFO - 🔍 Отримано 8 пар(и) з БД
2025-06-23 12:45:10,617 - INFO - Job "pulse (trigger: cron[minute='0,15,30,45'], next run at: 2025-06-23 10:00:00 UTC)" executed successfully
2025-06-23 13:00:00,075 - INFO - Running job "hourly_report (trigger: cron[minute='0'], next run at: 2025-06-23 11:00:00 UTC)" (scheduled at 2025-06-23 10:00:00+00:00)
2025-06-23 13:00:00,253 - INFO - 🔍 Отримано 8 пар(и) з БД
2025-06-23 13:00:00,264 - INFO - Running job "pulse (trigger: cron[minute='0,15,30,45'], next run at: 2025-06-23 10:15:00 UTC)" (scheduled at 2025-06-23 10:00:00+00:00)
2025-06-23 13:00:00,266 - INFO - 🔍 Отримано 8 пар(и) з БД
2025-06-23 13:00:08,770 - INFO - Job "hourly_report (trigger: cron[minute='0'], next run at: 2025-06-23 11:00:00 UTC)" executed successfully
2025-06-23 13:00:09,870 - INFO - Job "pulse (trigger: cron[minute='0,15,30,45'], next run at: 2025-06-23 10:15:00 UTC)" executed successfully
2025-06-23 13:15:00,048 - INFO - Running job "pulse (trigger: cron[minute='0,15,30,45'], next run at: 2025-06-23 10:30:00 UTC)" (scheduled at 2025-06-23 10:15:00+00:00)
2025-06-23 13:15:00,050 - INFO - 🔍 Отримано 8 пар(и) з БД
2025-06-23 13:15:10,245 - INFO - Job "pulse (trigger: cron[minute='0,15,30,45'], next run at: 2025-06-23 10:30:00 UTC)" executed successfully
2025-06-23 13:30:00,015 - INFO - Running job "pulse (trigger: cron[minute='0,15,30,45'], next run at: 2025-06-23 10:45:00 UTC)" (scheduled at 2025-06-23 10:30:00+00:00)
2025-06-23 13:30:00,021 - INFO - 🔍 Отримано 8 пар(и) з БД
2025-06-23 13:30:12,195 - INFO - Job "pulse (trigger: cron[minute='0,15,30,45'], next run at: 2025-06-23 10:45:00 UTC)" executed successfully
2025-06-23 13:45:00,014 - INFO - Running job "pulse (trigger: cron[minute='0,15,30,45'], next run at: 2025-06-23 11:00:00 UTC)" (scheduled at 2025-06-23 10:45:00+00:00)
2025-06-23 13:45:00,019 - INFO - 🔍 Отримано 8 пар(и) з БД
2025-06-23 13:45:11,378 - INFO - Job "pulse (trigger: cron[minute='0,15,30,45'], next run at: 2025-06-23 11:00:00 UTC)" executed successfully
2025-06-23 14:00:00,018 - INFO - Running job "hourly_report (trigger: cron[minute='0'], next run at: 2025-06-23 12:00:00 UTC)" (scheduled at 2025-06-23 11:00:00+00:00)
2025-06-23 14:00:00,020 - INFO - 🔍 Отримано 8 пар(и) з БД
2025-06-23 14:00:00,022 - INFO - Running job "pulse (trigger: cron[minute='0,15,30,45'], next run at: 2025-06-23 11:15:00 UTC)" (scheduled at 2025-06-23 11:00:00+00:00)
2025-06-23 14:00:00,027 - INFO - 🔍 Отримано 8 пар(и) з БД
2025-06-23 14:00:09,997 - INFO - Job "hourly_report (trigger: cron[minute='0'], next run at: 2025-06-23 12:00:00 UTC)" executed successfully
2025-06-23 14:00:10,970 - INFO - Job "pulse (trigger: cron[minute='0,15,30,45'], next run at: 2025-06-23 11:15:00 UTC)" executed successfully
2025-06-23 14:15:00,027 - INFO - Running job "pulse (trigger: cron[minute='0,15,30,45'], next run at: 2025-06-23 11:30:00 UTC)" (scheduled at 2025-06-23 11:15:00+00:00)
2025-06-23 14:15:00,065 - INFO - 🔍 Отримано 8 пар(и) з БД
2025-06-23 14:15:11,048 - INFO - Job "pulse (trigger: cron[minute='0,15,30,45'], next run at: 2025-06-23 11:30:00 UTC)" executed successfully
2025-06-23 14:30:00,016 - INFO - Running job "pulse (trigger: cron[minute='0,15,30,45'], next run at: 2025-06-23 11:45:00 UTC)" (scheduled at 2025-06-23 11:30:00+00:00)
2025-06-23 14:30:00,018 - INFO - 🔍 Отримано 8 пар(и) з БД
2025-06-23 14:30:10,872 - INFO - Job "pulse (trigger: cron[minute='0,15,30,45'], next run at: 2025-06-23 11:45:00 UTC)" executed successfully
2025-06-23 14:45:00,013 - INFO - Running job "pulse (trigger: cron[minute='0,15,30,45'], next run at: 2025-06-23 12:00:00 UTC)" (scheduled at 2025-06-23 11:45:00+00:00)
2025-06-23 14:45:00,015 - INFO - 🔍 Отримано 8 пар(и) з БД
2025-06-23 14:45:10,840 - INFO - Job "pulse (trigger: cron[minute='0,15,30,45'], next run at: 2025-06-23 12:00:00 UTC)" executed successfully
2025-06-23 15:00:00,022 - INFO - Running job "hourly_report (trigger: cron[minute='0'], next run at: 2025-06-23 13:00:00 UTC)" (scheduled at 2025-06-23 12:00:00+00:00)
2025-06-23 15:00:00,023 - INFO - 🔍 Отримано 8 пар(и) з БД
2025-06-23 15:00:00,025 - INFO - Running job "pulse (trigger: cron[minute='0,15,30,45'], next run at: 2025-06-23 12:15:00 UTC)" (scheduled at 2025-06-23 12:00:00+00:00)
2025-06-23 15:00:00,027 - INFO - 🔍 Отримано 8 пар(и) з БД
2025-06-23 15:00:09,901 - INFO - Job "hourly_report (trigger: cron[minute='0'], next run at: 2025-06-23 13:00:00 UTC)" executed successfully
2025-06-23 15:00:11,551 - INFO - Job "pulse (trigger: cron[minute='0,15,30,45'], next run at: 2025-06-23 12:15:00 UTC)" executed successfully
2025-06-23 15:15:00,014 - INFO - Running job "pulse (trigger: cron[minute='0,15,30,45'], next run at: 2025-06-23 12:30:00 UTC)" (scheduled at 2025-06-23 12:15:00+00:00)
2025-06-23 15:15:00,015 - INFO - 🔍 Отримано 8 пар(и) з БД
2025-06-23 15:15:10,798 - INFO - Job "pulse (trigger: cron[minute='0,15,30,45'], next run at: 2025-06-23 12:30:00 UTC)" executed successfully
2025-06-23 15:30:00,019 - INFO - Running job "pulse (trigger: cron[minute='0,15,30,45'], next run at: 2025-06-23 12:45:00 UTC)" (scheduled at 2025-06-23 12:30:00+00:00)
2025-06-23 15:30:00,026 - INFO - 🔍 Отримано 8 пар(и) з БД
2025-06-23 15:30:11,388 - INFO - Job "pulse (trigger: cron[minute='0,15,30,45'], next run at: 2025-06-23 12:45:00 UTC)" executed successfully
2025-06-23 15:45:00,021 - INFO - Running job "pulse (trigger: cron[minute='0,15,30,45'], next run at: 2025-06-23 13:00:00 UTC)" (scheduled at 2025-06-23 12:45:00+00:00)
2025-06-23 15:45:00,023 - INFO - 🔍 Отримано 8 пар(и) з БД
2025-06-23 15:45:11,032 - INFO - Job "pulse (trigger: cron[minute='0,15,30,45'], next run at: 2025-06-23 13:00:00 UTC)" executed successfully
2025-06-23 15:56:14,480 - INFO - 🔍 Отримано 8 пар(и) з БД
2025-06-23 16:00:00,028 - INFO - Running job "hourly_report (trigger: cron[minute='0'], next run at: 2025-06-23 14:00:00 UTC)" (scheduled at 2025-06-23 13:00:00+00:00)
2025-06-23 16:00:00,029 - INFO - 🔍 Отримано 8 пар(и) з БД
2025-06-23 16:00:00,033 - INFO - Running job "pulse (trigger: cron[minute='0,15,30,45'], next run at: 2025-06-23 13:15:00 UTC)" (scheduled at 2025-06-23 13:00:00+00:00)
2025-06-23 16:00:00,035 - INFO - 🔍 Отримано 8 пар(и) з БД
2025-06-23 16:00:10,519 - INFO - Job "hourly_report (trigger: cron[minute='0'], next run at: 2025-06-23 14:00:00 UTC)" executed successfully
2025-06-23 16:00:11,477 - INFO - Job "pulse (trigger: cron[minute='0,15,30,45'], next run at: 2025-06-23 13:15:00 UTC)" executed successfully
2025-06-23 16:15:00,023 - INFO - Running job "pulse (trigger: cron[minute='0,15,30,45'], next run at: 2025-06-23 13:30:00 UTC)" (scheduled at 2025-06-23 13:15:00+00:00)
2025-06-23 16:15:00,029 - INFO - 🔍 Отримано 8 пар(и) з БД
2025-06-23 16:15:11,575 - INFO - Job "pulse (trigger: cron[minute='0,15,30,45'], next run at: 2025-06-23 13:30:00 UTC)" executed successfully
2025-06-23 16:30:00,023 - INFO - Running job "pulse (trigger: cron[minute='0,15,30,45'], next run at: 2025-06-23 13:45:00 UTC)" (scheduled at 2025-06-23 13:30:00+00:00)
2025-06-23 16:30:00,024 - INFO - 🔍 Отримано 8 пар(и) з БД
2025-06-23 16:30:11,785 - INFO - Job "pulse (trigger: cron[minute='0,15,30,45'], next run at: 2025-06-23 13:45:00 UTC)" executed successfully
2025-06-23 16:45:00,012 - INFO - Running job "pulse (trigger: cron[minute='0,15,30,45'], next run at: 2025-06-23 14:00:00 UTC)" (scheduled at 2025-06-23 13:45:00+00:00)
2025-06-23 16:45:00,015 - INFO - 🔍 Отримано 8 пар(и) з БД
2025-06-23 16:45:11,757 - INFO - Job "pulse (trigger: cron[minute='0,15,30,45'], next run at: 2025-06-23 14:00:00 UTC)" executed successfully
2025-06-23 17:00:00,018 - INFO - Running job "hourly_report (trigger: cron[minute='0'], next run at: 2025-06-23 15:00:00 UTC)" (scheduled at 2025-06-23 14:00:00+00:00)
2025-06-23 17:00:00,019 - INFO - 🔍 Отримано 8 пар(и) з БД
2025-06-23 17:00:00,021 - INFO - Running job "pulse (trigger: cron[minute='0,15,30,45'], next run at: 2025-06-23 14:15:00 UTC)" (scheduled at 2025-06-23 14:00:00+00:00)
2025-06-23 17:00:00,023 - INFO - 🔍 Отримано 8 пар(и) з БД
2025-06-23 17:00:10,041 - INFO - Job "hourly_report (trigger: cron[minute='0'], next run at: 2025-06-23 15:00:00 UTC)" executed successfully
2025-06-23 17:00:11,204 - INFO - Job "pulse (trigger: cron[minute='0,15,30,45'], next run at: 2025-06-23 14:15:00 UTC)" executed successfully
2025-06-23 17:15:00,024 - INFO - Running job "pulse (trigger: cron[minute='0,15,30,45'], next run at: 2025-06-23 14:30:00 UTC)" (scheduled at 2025-06-23 14:15:00+00:00)
2025-06-23 17:15:00,026 - INFO - 🔍 Отримано 8 пар(и) з БД
2025-06-23 17:15:10,798 - INFO - Job "pulse (trigger: cron[minute='0,15,30,45'], next run at: 2025-06-23 14:30:00 UTC)" executed successfully
2025-06-23 17:30:00,010 - INFO - Running job "pulse (trigger: cron[minute='0,15,30,45'], next run at: 2025-06-23 14:45:00 UTC)" (scheduled at 2025-06-23 14:30:00+00:00)
2025-06-23 17:30:00,013 - INFO - 🔍 Отримано 8 пар(и) з БД
2025-06-23 17:30:11,041 - INFO - Job "pulse (trigger: cron[minute='0,15,30,45'], next run at: 2025-06-23 14:45:00 UTC)" executed successfully
2025-06-23 17:45:00,015 - INFO - Running job "pulse (trigger: cron[minute='0,15,30,45'], next run at: 2025-06-23 15:00:00 UTC)" (scheduled at 2025-06-23 14:45:00+00:00)
2025-06-23 17:45:00,019 - INFO - 🔍 Отримано 8 пар(и) з БД
2025-06-23 17:45:11,638 - INFO - Job "pulse (trigger: cron[minute='0,15,30,45'], next run at: 2025-06-23 15:00:00 UTC)" executed successfully
2025-06-23 17:47:46,404 - INFO - ➕ Added AST/LINA @ 77.44807121661721 for user 163308974
2025-06-23 18:00:00,022 - INFO - Running job "hourly_report (trigger: cron[minute='0'], next run at: 2025-06-23 16:00:00 UTC)" (scheduled at 2025-06-23 15:00:00+00:00)
2025-06-23 18:00:00,024 - INFO - 🔍 Отримано 9 пар(и) з БД
2025-06-23 18:00:00,025 - INFO - Running job "pulse (trigger: cron[minute='0,15,30,45'], next run at: 2025-06-23 15:15:00 UTC)" (scheduled at 2025-06-23 15:00:00+00:00)
2025-06-23 18:00:00,027 - INFO - 🔍 Отримано 9 пар(и) з БД
2025-06-23 18:00:10,860 - INFO - Job "hourly_report (trigger: cron[minute='0'], next run at: 2025-06-23 16:00:00 UTC)" executed successfully
2025-06-23 18:00:12,369 - INFO - Job "pulse (trigger: cron[minute='0,15,30,45'], next run at: 2025-06-23 15:15:00 UTC)" executed successfully
2025-06-23 18:00:39,954 - INFO - 🔍 Отримано 9 пар(и) з БД
2025-06-23 18:00:43,858 - INFO - 🔍 Отримано 9 пар(и) з БД
2025-06-23 18:00:56,651 - INFO - 🎯 potential_move=7.0 for id=12
2025-06-23 18:01:06,234 - INFO - 🔍 Отримано 9 пар(и) з БД
2025-06-23 18:06:47,693 - INFO - 🔍 Отримано 9 пар(и) з БД
2025-06-23 18:06:52,366 - INFO - 🔍 Отримано 9 пар(и) з БД
2025-06-23 18:15:00,012 - INFO - Running job "pulse (trigger: cron[minute='0,15,30,45'], next run at: 2025-06-23 15:30:00 UTC)" (scheduled at 2025-06-23 15:15:00+00:00)
2025-06-23 18:15:00,014 - INFO - 🔍 Отримано 9 пар(и) з БД
2025-06-23 18:15:13,085 - INFO - Job "pulse (trigger: cron[minute='0,15,30,45'], next run at: 2025-06-23 15:30:00 UTC)" executed successfully
2025-06-23 18:15:21,391 - INFO - 🔍 Отримано 9 пар(и) з БД
2025-06-23 18:30:00,018 - INFO - Running job "pulse (trigger: cron[minute='0,15,30,45'], next run at: 2025-06-23 15:45:00 UTC)" (scheduled at 2025-06-23 15:30:00+00:00)
2025-06-23 18:30:00,028 - INFO - 🔍 Отримано 9 пар(и) з БД
2025-06-23 18:30:14,023 - INFO - Job "pulse (trigger: cron[minute='0,15,30,45'], next run at: 2025-06-23 15:45:00 UTC)" executed successfully
2025-06-23 18:36:10,930 - INFO - 🔍 Отримано 9 пар(и) з БД
2025-06-23 18:41:09,574 - INFO - 🔍 Отримано 9 пар(и) з БД
2025-06-23 18:41:11,139 - INFO - 🔍 Отримано 9 пар(и) з БД
2025-06-23 18:41:13,115 - INFO - 🗑 Deleted pair id=12
2025-06-23 18:41:15,733 - INFO - 🔍 Отримано 8 пар(и) з БД
2025-06-23 18:45:00,022 - INFO - Running job "pulse (trigger: cron[minute='0,15,30,45'], next run at: 2025-06-23 16:00:00 UTC)" (scheduled at 2025-06-23 15:45:00+00:00)
2025-06-23 18:45:00,023 - INFO - 🔍 Отримано 8 пар(и) з БД
2025-06-23 18:45:12,152 - INFO - Job "pulse (trigger: cron[minute='0,15,30,45'], next run at: 2025-06-23 16:00:00 UTC)" executed successfully
2025-06-23 19:00:00,028 - INFO - Running job "hourly_report (trigger: cron[minute='0'], next run at: 2025-06-23 17:00:00 UTC)" (scheduled at 2025-06-23 16:00:00+00:00)
2025-06-23 19:00:00,039 - INFO - 🔍 Отримано 8 пар(и) з БД
2025-06-23 19:00:00,041 - INFO - Running job "pulse (trigger: cron[minute='0,15,30,45'], next run at: 2025-06-23 16:15:00 UTC)" (scheduled at 2025-06-23 16:00:00+00:00)
2025-06-23 19:00:00,043 - INFO - 🔍 Отримано 8 пар(и) з БД
2025-06-23 19:00:09,974 - INFO - Job "hourly_report (trigger: cron[minute='0'], next run at: 2025-06-23 17:00:00 UTC)" executed successfully
2025-06-23 19:00:11,241 - INFO - Job "pulse (trigger: cron[minute='0,15,30,45'], next run at: 2025-06-23 16:15:00 UTC)" executed successfully
2025-06-23 19:15:00,024 - INFO - Running job "pulse (trigger: cron[minute='0,15,30,45'], next run at: 2025-06-23 16:30:00 UTC)" (scheduled at 2025-06-23 16:15:00+00:00)
2025-06-23 19:15:00,029 - INFO - 🔍 Отримано 8 пар(и) з БД
2025-06-23 19:15:11,253 - INFO - Job "pulse (trigger: cron[minute='0,15,30,45'], next run at: 2025-06-23 16:30:00 UTC)" executed successfully
2025-06-23 19:30:00,018 - INFO - Running job "pulse (trigger: cron[minute='0,15,30,45'], next run at: 2025-06-23 16:45:00 UTC)" (scheduled at 2025-06-23 16:30:00+00:00)
2025-06-23 19:30:00,134 - INFO - 🔍 Отримано 8 пар(и) з БД
2025-06-23 19:30:12,520 - INFO - Job "pulse (trigger: cron[minute='0,15,30,45'], next run at: 2025-06-23 16:45:00 UTC)" executed successfully
2025-06-23 19:45:00,019 - INFO - Running job "pulse (trigger: cron[minute='0,15,30,45'], next run at: 2025-06-23 17:00:00 UTC)" (scheduled at 2025-06-23 16:45:00+00:00)
2025-06-23 19:45:00,022 - INFO - 🔍 Отримано 8 пар(и) з БД
2025-06-23 19:45:11,488 - INFO - Job "pulse (trigger: cron[minute='0,15,30,45'], next run at: 2025-06-23 17:00:00 UTC)" executed successfully
2025-06-23 20:00:00,017 - INFO - Running job "hourly_report (trigger: cron[minute='0'], next run at: 2025-06-23 18:00:00 UTC)" (scheduled at 2025-06-23 17:00:00+00:00)
2025-06-23 20:00:00,019 - INFO - 🔍 Отримано 8 пар(и) з БД
2025-06-23 20:00:00,021 - INFO - Running job "pulse (trigger: cron[minute='0,15,30,45'], next run at: 2025-06-23 17:15:00 UTC)" (scheduled at 2025-06-23 17:00:00+00:00)
2025-06-23 20:00:00,023 - INFO - 🔍 Отримано 8 пар(и) з БД
2025-06-23 20:00:10,281 - INFO - Job "hourly_report (trigger: cron[minute='0'], next run at: 2025-06-23 18:00:00 UTC)" executed successfully
2025-06-23 20:00:12,228 - INFO - Job "pulse (trigger: cron[minute='0,15,30,45'], next run at: 2025-06-23 17:15:00 UTC)" executed successfully
2025-06-23 20:15:00,014 - INFO - Running job "pulse (trigger: cron[minute='0,15,30,45'], next run at: 2025-06-23 17:30:00 UTC)" (scheduled at 2025-06-23 17:15:00+00:00)
2025-06-23 20:15:00,018 - INFO - 🔍 Отримано 8 пар(и) з БД
2025-06-23 20:15:11,729 - INFO - Job "pulse (trigger: cron[minute='0,15,30,45'], next run at: 2025-06-23 17:30:00 UTC)" executed successfully
2025-06-23 20:23:11,792 - INFO - 🔍 Отримано 8 пар(и) з БД
2025-06-23 20:23:19,165 - INFO - 🔍 Отримано 8 пар(и) з БД
2025-06-23 20:23:21,472 - INFO - 🗑 Deleted pair id=8
2025-06-23 20:30:00,033 - INFO - Running job "pulse (trigger: cron[minute='0,15,30,45'], next run at: 2025-06-23 17:45:00 UTC)" (scheduled at 2025-06-23 17:30:00+00:00)
2025-06-23 20:30:00,331 - INFO - 🔍 Отримано 7 пар(и) з БД
2025-06-23 20:30:13,291 - INFO - Job "pulse (trigger: cron[minute='0,15,30,45'], next run at: 2025-06-23 17:45:00 UTC)" executed successfully
2025-06-23 20:45:00,015 - INFO - Running job "pulse (trigger: cron[minute='0,15,30,45'], next run at: 2025-06-23 18:00:00 UTC)" (scheduled at 2025-06-23 17:45:00+00:00)
2025-06-23 20:45:00,017 - INFO - 🔍 Отримано 7 пар(и) з БД
2025-06-23 20:45:10,209 - INFO - Job "pulse (trigger: cron[minute='0,15,30,45'], next run at: 2025-06-23 18:00:00 UTC)" executed successfully
2025-06-23 21:00:00,016 - INFO - Running job "hourly_report (trigger: cron[minute='0'], next run at: 2025-06-23 19:00:00 UTC)" (scheduled at 2025-06-23 18:00:00+00:00)
2025-06-23 21:00:00,021 - INFO - 🔍 Отримано 7 пар(и) з БД
2025-06-23 21:00:00,023 - INFO - Running job "pulse (trigger: cron[minute='0,15,30,45'], next run at: 2025-06-23 18:15:00 UTC)" (scheduled at 2025-06-23 18:00:00+00:00)
2025-06-23 21:00:00,024 - INFO - 🔍 Отримано 7 пар(и) з БД
2025-06-23 21:00:08,584 - INFO - Job "hourly_report (trigger: cron[minute='0'], next run at: 2025-06-23 19:00:00 UTC)" executed successfully
2025-06-23 21:00:10,168 - INFO - Job "pulse (trigger: cron[minute='0,15,30,45'], next run at: 2025-06-23 18:15:00 UTC)" executed successfully
2025-06-23 21:15:00,025 - INFO - Running job "pulse (trigger: cron[minute='0,15,30,45'], next run at: 2025-06-23 18:30:00 UTC)" (scheduled at 2025-06-23 18:15:00+00:00)
2025-06-23 21:15:00,026 - INFO - 🔍 Отримано 7 пар(и) з БД
2025-06-23 21:15:10,064 - INFO - Job "pulse (trigger: cron[minute='0,15,30,45'], next run at: 2025-06-23 18:30:00 UTC)" executed successfully
2025-06-23 21:30:00,065 - INFO - Running job "pulse (trigger: cron[minute='0,15,30,45'], next run at: 2025-06-23 18:45:00 UTC)" (scheduled at 2025-06-23 18:30:00+00:00)
2025-06-23 21:30:00,067 - INFO - 🔍 Отримано 7 пар(и) з БД
2025-06-23 21:30:09,265 - INFO - Job "pulse (trigger: cron[minute='0,15,30,45'], next run at: 2025-06-23 18:45:00 UTC)" executed successfully
2025-06-23 21:45:00,056 - INFO - Running job "pulse (trigger: cron[minute='0,15,30,45'], next run at: 2025-06-23 19:00:00 UTC)" (scheduled at 2025-06-23 18:45:00+00:00)
2025-06-23 21:45:00,057 - INFO - 🔍 Отримано 7 пар(и) з БД
2025-06-23 21:45:09,762 - INFO - Job "pulse (trigger: cron[minute='0,15,30,45'], next run at: 2025-06-23 19:00:00 UTC)" executed successfully
2025-06-23 22:00:00,063 - INFO - Running job "hourly_report (trigger: cron[minute='0'], next run at: 2025-06-23 20:00:00 UTC)" (scheduled at 2025-06-23 19:00:00+00:00)
2025-06-23 22:00:00,065 - INFO - 🔍 Отримано 7 пар(и) з БД
2025-06-23 22:00:00,066 - INFO - Running job "pulse (trigger: cron[minute='0,15,30,45'], next run at: 2025-06-23 19:15:00 UTC)" (scheduled at 2025-06-23 19:00:00+00:00)
2025-06-23 22:00:00,067 - INFO - 🔍 Отримано 7 пар(и) з БД
2025-06-23 22:00:08,673 - INFO - Job "hourly_report (trigger: cron[minute='0'], next run at: 2025-06-23 20:00:00 UTC)" executed successfully
2025-06-23 22:00:09,251 - INFO - Job "pulse (trigger: cron[minute='0,15,30,45'], next run at: 2025-06-23 19:15:00 UTC)" executed successfully
2025-06-23 22:15:00,062 - INFO - Running job "pulse (trigger: cron[minute='0,15,30,45'], next run at: 2025-06-23 19:30:00 UTC)" (scheduled at 2025-06-23 19:15:00+00:00)
2025-06-23 22:15:00,067 - INFO - 🔍 Отримано 7 пар(и) з БД
2025-06-23 22:15:09,265 - INFO - Job "pulse (trigger: cron[minute='0,15,30,45'], next run at: 2025-06-23 19:30:00 UTC)" executed successfully
2025-06-23 22:30:00,010 - INFO - Running job "pulse (trigger: cron[minute='0,15,30,45'], next run at: 2025-06-23 19:45:00 UTC)" (scheduled at 2025-06-23 19:30:00+00:00)
2025-06-23 22:30:00,016 - INFO - 🔍 Отримано 7 пар(и) з БД
2025-06-23 22:30:10,248 - INFO - Job "pulse (trigger: cron[minute='0,15,30,45'], next run at: 2025-06-23 19:45:00 UTC)" executed successfully
2025-06-23 22:45:00,018 - INFO - Running job "pulse (trigger: cron[minute='0,15,30,45'], next run at: 2025-06-23 20:00:00 UTC)" (scheduled at 2025-06-23 19:45:00+00:00)
2025-06-23 22:45:00,019 - INFO - 🔍 Отримано 7 пар(и) з БД
2025-06-23 22:45:09,534 - INFO - Job "pulse (trigger: cron[minute='0,15,30,45'], next run at: 2025-06-23 20:00:00 UTC)" executed successfully
2025-06-23 23:00:00,021 - INFO - Running job "hourly_report (trigger: cron[minute='0'], next run at: 2025-06-23 21:00:00 UTC)" (scheduled at 2025-06-23 20:00:00+00:00)
2025-06-23 23:00:00,023 - INFO - 🔍 Отримано 7 пар(и) з БД
2025-06-23 23:00:00,025 - INFO - Running job "pulse (trigger: cron[minute='0,15,30,45'], next run at: 2025-06-23 20:15:00 UTC)" (scheduled at 2025-06-23 20:00:00+00:00)
2025-06-23 23:00:00,026 - INFO - 🔍 Отримано 7 пар(и) з БД
2025-06-23 23:00:08,640 - INFO - Job "hourly_report (trigger: cron[minute='0'], next run at: 2025-06-23 21:00:00 UTC)" executed successfully
2025-06-23 23:00:10,109 - INFO - Job "pulse (trigger: cron[minute='0,15,30,45'], next run at: 2025-06-23 20:15:00 UTC)" executed successfully
2025-06-23 23:15:00,009 - INFO - Running job "pulse (trigger: cron[minute='0,15,30,45'], next run at: 2025-06-23 20:30:00 UTC)" (scheduled at 2025-06-23 20:15:00+00:00)
2025-06-23 23:15:00,011 - INFO - 🔍 Отримано 7 пар(и) з БД
2025-06-23 23:15:10,250 - INFO - Job "pulse (trigger: cron[minute='0,15,30,45'], next run at: 2025-06-23 20:30:00 UTC)" executed successfully
2025-06-23 23:30:00,017 - INFO - Running job "pulse (trigger: cron[minute='0,15,30,45'], next run at: 2025-06-23 20:45:00 UTC)" (scheduled at 2025-06-23 20:30:00+00:00)
2025-06-23 23:30:00,019 - INFO - 🔍 Отримано 7 пар(и) з БД
2025-06-23 23:30:10,130 - INFO - Job "pulse (trigger: cron[minute='0,15,30,45'], next run at: 2025-06-23 20:45:00 UTC)" executed successfully
2025-06-23 23:45:00,016 - INFO - Running job "pulse (trigger: cron[minute='0,15,30,45'], next run at: 2025-06-23 21:00:00 UTC)" (scheduled at 2025-06-23 20:45:00+00:00)
2025-06-23 23:45:00,018 - INFO - 🔍 Отримано 7 пар(и) з БД
2025-06-23 23:45:09,817 - INFO - Job "pulse (trigger: cron[minute='0,15,30,45'], next run at: 2025-06-23 21:00:00 UTC)" executed successfully
2025-06-24 00:00:00,016 - INFO - Running job "hourly_report (trigger: cron[minute='0'], next run at: 2025-06-23 22:00:00 UTC)" (scheduled at 2025-06-23 21:00:00+00:00)
2025-06-24 00:00:00,018 - INFO - 🔍 Отримано 7 пар(и) з БД
2025-06-24 00:00:00,020 - INFO - Running job "pulse (trigger: cron[minute='0,15,30,45'], next run at: 2025-06-23 21:15:00 UTC)" (scheduled at 2025-06-23 21:00:00+00:00)
2025-06-24 00:00:00,022 - INFO - 🔍 Отримано 7 пар(и) з БД
2025-06-24 00:00:08,547 - INFO - Job "hourly_report (trigger: cron[minute='0'], next run at: 2025-06-23 22:00:00 UTC)" executed successfully
2025-06-24 00:00:09,430 - INFO - Job "pulse (trigger: cron[minute='0,15,30,45'], next run at: 2025-06-23 21:15:00 UTC)" executed successfully
2025-06-24 00:15:00,015 - INFO - Running job "pulse (trigger: cron[minute='0,15,30,45'], next run at: 2025-06-23 21:30:00 UTC)" (scheduled at 2025-06-23 21:15:00+00:00)
2025-06-24 00:15:00,017 - INFO - 🔍 Отримано 7 пар(и) з БД
2025-06-24 00:15:09,664 - INFO - Job "pulse (trigger: cron[minute='0,15,30,45'], next run at: 2025-06-23 21:30:00 UTC)" executed successfully
2025-06-24 00:30:00,015 - INFO - Running job "pulse (trigger: cron[minute='0,15,30,45'], next run at: 2025-06-23 21:45:00 UTC)" (scheduled at 2025-06-23 21:30:00+00:00)
2025-06-24 00:30:00,016 - INFO - 🔍 Отримано 7 пар(и) з БД
2025-06-24 00:30:09,577 - INFO - Job "pulse (trigger: cron[minute='0,15,30,45'], next run at: 2025-06-23 21:45:00 UTC)" executed successfully
2025-06-24 00:45:00,012 - INFO - Running job "pulse (trigger: cron[minute='0,15,30,45'], next run at: 2025-06-23 22:00:00 UTC)" (scheduled at 2025-06-23 21:45:00+00:00)
2025-06-24 00:45:00,014 - INFO - 🔍 Отримано 7 пар(и) з БД
2025-06-24 00:45:09,511 - INFO - Job "pulse (trigger: cron[minute='0,15,30,45'], next run at: 2025-06-23 22:00:00 UTC)" executed successfully
2025-06-24 01:00:00,024 - INFO - Running job "hourly_report (trigger: cron[minute='0'], next run at: 2025-06-23 23:00:00 UTC)" (scheduled at 2025-06-23 22:00:00+00:00)
2025-06-24 01:00:00,025 - INFO - 🔍 Отримано 7 пар(и) з БД
2025-06-24 01:00:00,027 - INFO - Running job "pulse (trigger: cron[minute='0,15,30,45'], next run at: 2025-06-23 22:15:00 UTC)" (scheduled at 2025-06-23 22:00:00+00:00)
2025-06-24 01:00:00,028 - INFO - 🔍 Отримано 7 пар(и) з БД
2025-06-24 01:00:08,489 - INFO - Job "hourly_report (trigger: cron[minute='0'], next run at: 2025-06-23 23:00:00 UTC)" executed successfully
2025-06-24 01:00:09,306 - INFO - Job "pulse (trigger: cron[minute='0,15,30,45'], next run at: 2025-06-23 22:15:00 UTC)" executed successfully
2025-06-24 01:15:00,011 - INFO - Running job "pulse (trigger: cron[minute='0,15,30,45'], next run at: 2025-06-23 22:30:00 UTC)" (scheduled at 2025-06-23 22:15:00+00:00)
2025-06-24 01:15:00,012 - INFO - 🔍 Отримано 7 пар(и) з БД
2025-06-24 01:15:10,164 - INFO - Job "pulse (trigger: cron[minute='0,15,30,45'], next run at: 2025-06-23 22:30:00 UTC)" executed successfully
2025-06-24 01:30:00,015 - INFO - Running job "pulse (trigger: cron[minute='0,15,30,45'], next run at: 2025-06-23 22:45:00 UTC)" (scheduled at 2025-06-23 22:30:00+00:00)
2025-06-24 01:30:00,017 - INFO - 🔍 Отримано 7 пар(и) з БД
2025-06-24 01:30:09,794 - INFO - Job "pulse (trigger: cron[minute='0,15,30,45'], next run at: 2025-06-23 22:45:00 UTC)" executed successfully
2025-06-24 01:45:00,013 - INFO - Running job "pulse (trigger: cron[minute='0,15,30,45'], next run at: 2025-06-23 23:00:00 UTC)" (scheduled at 2025-06-23 22:45:00+00:00)
2025-06-24 01:45:00,016 - INFO - 🔍 Отримано 7 пар(и) з БД
2025-06-24 01:45:09,597 - INFO - Job "pulse (trigger: cron[minute='0,15,30,45'], next run at: 2025-06-23 23:00:00 UTC)" executed successfully
2025-06-24 02:00:00,011 - INFO - Running job "hourly_report (trigger: cron[minute='0'], next run at: 2025-06-24 00:00:00 UTC)" (scheduled at 2025-06-23 23:00:00+00:00)
2025-06-24 02:00:00,013 - INFO - 🔍 Отримано 7 пар(и) з БД
2025-06-24 02:00:00,015 - INFO - Running job "pulse (trigger: cron[minute='0,15,30,45'], next run at: 2025-06-23 23:15:00 UTC)" (scheduled at 2025-06-23 23:00:00+00:00)
2025-06-24 02:00:00,017 - INFO - 🔍 Отримано 7 пар(и) з БД
2025-06-24 02:00:08,584 - INFO - Job "hourly_report (trigger: cron[minute='0'], next run at: 2025-06-24 00:00:00 UTC)" executed successfully
2025-06-24 02:00:09,804 - INFO - Job "pulse (trigger: cron[minute='0,15,30,45'], next run at: 2025-06-23 23:15:00 UTC)" executed successfully
2025-06-24 02:15:00,016 - INFO - Running job "pulse (trigger: cron[minute='0,15,30,45'], next run at: 2025-06-23 23:30:00 UTC)" (scheduled at 2025-06-23 23:15:00+00:00)
2025-06-24 02:15:00,018 - INFO - 🔍 Отримано 7 пар(и) з БД
2025-06-24 02:15:09,475 - INFO - Job "pulse (trigger: cron[minute='0,15,30,45'], next run at: 2025-06-23 23:30:00 UTC)" executed successfully
2025-06-24 02:30:00,014 - INFO - Running job "pulse (trigger: cron[minute='0,15,30,45'], next run at: 2025-06-23 23:45:00 UTC)" (scheduled at 2025-06-23 23:30:00+00:00)
2025-06-24 02:30:00,016 - INFO - 🔍 Отримано 7 пар(и) з БД
2025-06-24 02:30:09,356 - INFO - Job "pulse (trigger: cron[minute='0,15,30,45'], next run at: 2025-06-23 23:45:00 UTC)" executed successfully
2025-06-24 02:45:00,023 - INFO - Running job "pulse (trigger: cron[minute='0,15,30,45'], next run at: 2025-06-24 00:00:00 UTC)" (scheduled at 2025-06-23 23:45:00+00:00)
2025-06-24 02:45:00,024 - INFO - 🔍 Отримано 7 пар(и) з БД
2025-06-24 02:45:09,851 - INFO - Job "pulse (trigger: cron[minute='0,15,30,45'], next run at: 2025-06-24 00:00:00 UTC)" executed successfully
2025-06-24 03:00:00,022 - INFO - Running job "hourly_report (trigger: cron[minute='0'], next run at: 2025-06-24 01:00:00 UTC)" (scheduled at 2025-06-24 00:00:00+00:00)
2025-06-24 03:00:00,024 - INFO - 🔍 Отримано 7 пар(и) з БД
2025-06-24 03:00:00,026 - INFO - Running job "pulse (trigger: cron[minute='0,15,30,45'], next run at: 2025-06-24 00:15:00 UTC)" (scheduled at 2025-06-24 00:00:00+00:00)
2025-06-24 03:00:00,027 - INFO - 🔍 Отримано 7 пар(и) з БД
2025-06-24 03:00:08,579 - INFO - Job "hourly_report (trigger: cron[minute='0'], next run at: 2025-06-24 01:00:00 UTC)" executed successfully
2025-06-24 03:00:09,841 - INFO - Job "pulse (trigger: cron[minute='0,15,30,45'], next run at: 2025-06-24 00:15:00 UTC)" executed successfully
2025-06-24 03:15:00,012 - INFO - Running job "pulse (trigger: cron[minute='0,15,30,45'], next run at: 2025-06-24 00:30:00 UTC)" (scheduled at 2025-06-24 00:15:00+00:00)
2025-06-24 03:15:00,014 - INFO - 🔍 Отримано 7 пар(и) з БД
2025-06-24 03:15:09,488 - INFO - Job "pulse (trigger: cron[minute='0,15,30,45'], next run at: 2025-06-24 00:30:00 UTC)" executed successfully
2025-06-24 03:30:00,021 - INFO - Running job "pulse (trigger: cron[minute='0,15,30,45'], next run at: 2025-06-24 00:45:00 UTC)" (scheduled at 2025-06-24 00:30:00+00:00)
2025-06-24 03:30:00,023 - INFO - 🔍 Отримано 7 пар(и) з БД
2025-06-24 03:30:10,210 - INFO - Job "pulse (trigger: cron[minute='0,15,30,45'], next run at: 2025-06-24 00:45:00 UTC)" executed successfully
2025-06-24 03:45:00,018 - INFO - Running job "pulse (trigger: cron[minute='0,15,30,45'], next run at: 2025-06-24 01:00:00 UTC)" (scheduled at 2025-06-24 00:45:00+00:00)
2025-06-24 03:45:00,020 - INFO - 🔍 Отримано 7 пар(и) з БД
2025-06-24 03:45:09,803 - INFO - Job "pulse (trigger: cron[minute='0,15,30,45'], next run at: 2025-06-24 01:00:00 UTC)" executed successfully
2025-06-24 04:00:00,024 - INFO - Running job "hourly_report (trigger: cron[minute='0'], next run at: 2025-06-24 02:00:00 UTC)" (scheduled at 2025-06-24 01:00:00+00:00)
2025-06-24 04:00:00,025 - INFO - 🔍 Отримано 7 пар(и) з БД
2025-06-24 04:00:00,026 - INFO - Running job "pulse (trigger: cron[minute='0,15,30,45'], next run at: 2025-06-24 01:15:00 UTC)" (scheduled at 2025-06-24 01:00:00+00:00)
2025-06-24 04:00:00,028 - INFO - 🔍 Отримано 7 пар(и) з БД
2025-06-24 04:00:08,624 - INFO - Job "hourly_report (trigger: cron[minute='0'], next run at: 2025-06-24 02:00:00 UTC)" executed successfully
2025-06-24 04:00:09,449 - INFO - Job "pulse (trigger: cron[minute='0,15,30,45'], next run at: 2025-06-24 01:15:00 UTC)" executed successfully
2025-06-24 04:15:00,022 - INFO - Running job "pulse (trigger: cron[minute='0,15,30,45'], next run at: 2025-06-24 01:30:00 UTC)" (scheduled at 2025-06-24 01:15:00+00:00)
2025-06-24 04:15:00,024 - INFO - 🔍 Отримано 7 пар(и) з БД
2025-06-24 04:15:09,946 - INFO - Job "pulse (trigger: cron[minute='0,15,30,45'], next run at: 2025-06-24 01:30:00 UTC)" executed successfully
2025-06-24 04:30:00,018 - INFO - Running job "pulse (trigger: cron[minute='0,15,30,45'], next run at: 2025-06-24 01:45:00 UTC)" (scheduled at 2025-06-24 01:30:00+00:00)
2025-06-24 04:30:00,019 - INFO - 🔍 Отримано 7 пар(и) з БД
2025-06-24 04:30:09,652 - INFO - Job "pulse (trigger: cron[minute='0,15,30,45'], next run at: 2025-06-24 01:45:00 UTC)" executed successfully
2025-06-24 04:45:00,019 - INFO - Running job "pulse (trigger: cron[minute='0,15,30,45'], next run at: 2025-06-24 02:00:00 UTC)" (scheduled at 2025-06-24 01:45:00+00:00)
2025-06-24 04:45:00,021 - INFO - 🔍 Отримано 7 пар(и) з БД
2025-06-24 04:45:10,464 - INFO - Job "pulse (trigger: cron[minute='0,15,30,45'], next run at: 2025-06-24 02:00:00 UTC)" executed successfully
2025-06-24 05:00:00,022 - INFO - Running job "hourly_report (trigger: cron[minute='0'], next run at: 2025-06-24 03:00:00 UTC)" (scheduled at 2025-06-24 02:00:00+00:00)
2025-06-24 05:00:00,032 - INFO - 🔍 Отримано 7 пар(и) з БД
2025-06-24 05:00:00,033 - INFO - Running job "pulse (trigger: cron[minute='0,15,30,45'], next run at: 2025-06-24 02:15:00 UTC)" (scheduled at 2025-06-24 02:00:00+00:00)
2025-06-24 05:00:00,034 - INFO - 🔍 Отримано 7 пар(и) з БД
2025-06-24 05:00:08,616 - INFO - Job "hourly_report (trigger: cron[minute='0'], next run at: 2025-06-24 03:00:00 UTC)" executed successfully
2025-06-24 05:00:09,666 - INFO - Job "pulse (trigger: cron[minute='0,15,30,45'], next run at: 2025-06-24 02:15:00 UTC)" executed successfully
2025-06-24 05:15:00,015 - INFO - Running job "pulse (trigger: cron[minute='0,15,30,45'], next run at: 2025-06-24 02:30:00 UTC)" (scheduled at 2025-06-24 02:15:00+00:00)
2025-06-24 05:15:00,017 - INFO - 🔍 Отримано 7 пар(и) з БД
2025-06-24 05:15:09,489 - INFO - Job "pulse (trigger: cron[minute='0,15,30,45'], next run at: 2025-06-24 02:30:00 UTC)" executed successfully
2025-06-24 05:30:00,020 - INFO - Running job "pulse (trigger: cron[minute='0,15,30,45'], next run at: 2025-06-24 02:45:00 UTC)" (scheduled at 2025-06-24 02:30:00+00:00)
2025-06-24 05:30:00,022 - INFO - 🔍 Отримано 7 пар(и) з БД
2025-06-24 05:30:09,456 - INFO - Job "pulse (trigger: cron[minute='0,15,30,45'], next run at: 2025-06-24 02:45:00 UTC)" executed successfully
2025-06-24 05:45:00,016 - INFO - Running job "pulse (trigger: cron[minute='0,15,30,45'], next run at: 2025-06-24 03:00:00 UTC)" (scheduled at 2025-06-24 02:45:00+00:00)
2025-06-24 05:45:00,018 - INFO - 🔍 Отримано 7 пар(и) з БД
2025-06-24 05:45:09,448 - INFO - Job "pulse (trigger: cron[minute='0,15,30,45'], next run at: 2025-06-24 03:00:00 UTC)" executed successfully
2025-06-24 06:00:00,011 - INFO - Running job "hourly_report (trigger: cron[minute='0'], next run at: 2025-06-24 04:00:00 UTC)" (scheduled at 2025-06-24 03:00:00+00:00)
2025-06-24 06:00:00,013 - INFO - 🔍 Отримано 7 пар(и) з БД
2025-06-24 06:00:00,015 - INFO - Running job "pulse (trigger: cron[minute='0,15,30,45'], next run at: 2025-06-24 03:15:00 UTC)" (scheduled at 2025-06-24 03:00:00+00:00)
2025-06-24 06:00:00,017 - INFO - 🔍 Отримано 7 пар(и) з БД
2025-06-24 06:00:08,807 - INFO - Job "hourly_report (trigger: cron[minute='0'], next run at: 2025-06-24 04:00:00 UTC)" executed successfully
2025-06-24 06:00:09,587 - INFO - Job "pulse (trigger: cron[minute='0,15,30,45'], next run at: 2025-06-24 03:15:00 UTC)" executed successfully
2025-06-24 06:15:00,016 - INFO - Running job "pulse (trigger: cron[minute='0,15,30,45'], next run at: 2025-06-24 03:30:00 UTC)" (scheduled at 2025-06-24 03:15:00+00:00)
2025-06-24 06:15:00,018 - INFO - 🔍 Отримано 7 пар(и) з БД
2025-06-24 06:15:08,960 - INFO - Job "pulse (trigger: cron[minute='0,15,30,45'], next run at: 2025-06-24 03:30:00 UTC)" executed successfully
2025-06-24 06:30:00,052 - INFO - Running job "pulse (trigger: cron[minute='0,15,30,45'], next run at: 2025-06-24 03:45:00 UTC)" (scheduled at 2025-06-24 03:30:00+00:00)
2025-06-24 06:30:00,053 - INFO - 🔍 Отримано 7 пар(и) з БД
2025-06-24 06:30:10,011 - INFO - Job "pulse (trigger: cron[minute='0,15,30,45'], next run at: 2025-06-24 03:45:00 UTC)" executed successfully
2025-06-24 06:45:00,059 - INFO - Running job "pulse (trigger: cron[minute='0,15,30,45'], next run at: 2025-06-24 04:00:00 UTC)" (scheduled at 2025-06-24 03:45:00+00:00)
2025-06-24 06:45:00,061 - INFO - 🔍 Отримано 7 пар(и) з БД
2025-06-24 06:45:09,278 - INFO - Job "pulse (trigger: cron[minute='0,15,30,45'], next run at: 2025-06-24 04:00:00 UTC)" executed successfully
2025-06-24 07:00:00,057 - INFO - Running job "hourly_report (trigger: cron[minute='0'], next run at: 2025-06-24 05:00:00 UTC)" (scheduled at 2025-06-24 04:00:00+00:00)
2025-06-24 07:00:00,058 - INFO - 🔍 Отримано 7 пар(и) з БД
2025-06-24 07:00:00,060 - INFO - Running job "pulse (trigger: cron[minute='0,15,30,45'], next run at: 2025-06-24 04:15:00 UTC)" (scheduled at 2025-06-24 04:00:00+00:00)
2025-06-24 07:00:00,061 - INFO - 🔍 Отримано 7 пар(и) з БД
2025-06-24 07:00:08,636 - INFO - Job "hourly_report (trigger: cron[minute='0'], next run at: 2025-06-24 05:00:00 UTC)" executed successfully
2025-06-24 07:00:09,620 - INFO - Job "pulse (trigger: cron[minute='0,15,30,45'], next run at: 2025-06-24 04:15:00 UTC)" executed successfully
2025-06-24 07:15:00,062 - INFO - Running job "pulse (trigger: cron[minute='0,15,30,45'], next run at: 2025-06-24 04:30:00 UTC)" (scheduled at 2025-06-24 04:15:00+00:00)
2025-06-24 07:15:00,064 - INFO - 🔍 Отримано 7 пар(и) з БД
2025-06-24 07:15:09,770 - INFO - Job "pulse (trigger: cron[minute='0,15,30,45'], next run at: 2025-06-24 04:30:00 UTC)" executed successfully
2025-06-24 07:30:00,032 - INFO - Running job "pulse (trigger: cron[minute='0,15,30,45'], next run at: 2025-06-24 04:45:00 UTC)" (scheduled at 2025-06-24 04:30:00+00:00)
2025-06-24 07:30:00,034 - INFO - 🔍 Отримано 7 пар(и) з БД
2025-06-24 07:30:09,977 - INFO - Job "pulse (trigger: cron[minute='0,15,30,45'], next run at: 2025-06-24 04:45:00 UTC)" executed successfully
2025-06-24 07:45:00,012 - INFO - Running job "pulse (trigger: cron[minute='0,15,30,45'], next run at: 2025-06-24 05:00:00 UTC)" (scheduled at 2025-06-24 04:45:00+00:00)
2025-06-24 07:45:00,014 - INFO - 🔍 Отримано 7 пар(и) з БД
2025-06-24 07:45:09,367 - INFO - Job "pulse (trigger: cron[minute='0,15,30,45'], next run at: 2025-06-24 05:00:00 UTC)" executed successfully
2025-06-24 08:00:00,012 - INFO - Running job "hourly_report (trigger: cron[minute='0'], next run at: 2025-06-24 06:00:00 UTC)" (scheduled at 2025-06-24 05:00:00+00:00)
2025-06-24 08:00:00,014 - INFO - 🔍 Отримано 7 пар(и) з БД
2025-06-24 08:00:00,016 - INFO - Running job "pulse (trigger: cron[minute='0,15,30,45'], next run at: 2025-06-24 05:15:00 UTC)" (scheduled at 2025-06-24 05:00:00+00:00)
2025-06-24 08:00:00,018 - INFO - 🔍 Отримано 7 пар(и) з БД
2025-06-24 08:00:08,479 - INFO - Job "hourly_report (trigger: cron[minute='0'], next run at: 2025-06-24 06:00:00 UTC)" executed successfully
2025-06-24 08:00:09,638 - INFO - Job "pulse (trigger: cron[minute='0,15,30,45'], next run at: 2025-06-24 05:15:00 UTC)" executed successfully
2025-06-24 08:15:00,014 - INFO - Running job "pulse (trigger: cron[minute='0,15,30,45'], next run at: 2025-06-24 05:30:00 UTC)" (scheduled at 2025-06-24 05:15:00+00:00)
2025-06-24 08:15:00,020 - INFO - 🔍 Отримано 7 пар(и) з БД
2025-06-24 08:15:10,167 - INFO - Job "pulse (trigger: cron[minute='0,15,30,45'], next run at: 2025-06-24 05:30:00 UTC)" executed successfully
2025-06-24 08:30:00,015 - INFO - Running job "pulse (trigger: cron[minute='0,15,30,45'], next run at: 2025-06-24 05:45:00 UTC)" (scheduled at 2025-06-24 05:30:00+00:00)
2025-06-24 08:30:00,017 - INFO - 🔍 Отримано 7 пар(и) з БД
2025-06-24 08:30:10,241 - INFO - Job "pulse (trigger: cron[minute='0,15,30,45'], next run at: 2025-06-24 05:45:00 UTC)" executed successfully
2025-06-24 08:45:00,018 - INFO - Running job "pulse (trigger: cron[minute='0,15,30,45'], next run at: 2025-06-24 06:00:00 UTC)" (scheduled at 2025-06-24 05:45:00+00:00)
2025-06-24 08:45:00,020 - INFO - 🔍 Отримано 7 пар(и) з БД
2025-06-24 08:45:09,849 - INFO - Job "pulse (trigger: cron[minute='0,15,30,45'], next run at: 2025-06-24 06:00:00 UTC)" executed successfully
2025-06-24 09:00:00,019 - INFO - Running job "hourly_report (trigger: cron[minute='0'], next run at: 2025-06-24 07:00:00 UTC)" (scheduled at 2025-06-24 06:00:00+00:00)
2025-06-24 09:00:00,020 - INFO - 🔍 Отримано 7 пар(и) з БД
2025-06-24 09:00:00,021 - INFO - Running job "pulse (trigger: cron[minute='0,15,30,45'], next run at: 2025-06-24 06:15:00 UTC)" (scheduled at 2025-06-24 06:00:00+00:00)
2025-06-24 09:00:00,023 - INFO - 🔍 Отримано 7 пар(и) з БД
2025-06-24 09:00:08,488 - INFO - Job "hourly_report (trigger: cron[minute='0'], next run at: 2025-06-24 07:00:00 UTC)" executed successfully
2025-06-24 09:00:09,516 - INFO - Job "pulse (trigger: cron[minute='0,15,30,45'], next run at: 2025-06-24 06:15:00 UTC)" executed successfully
2025-06-24 09:15:00,017 - INFO - Running job "pulse (trigger: cron[minute='0,15,30,45'], next run at: 2025-06-24 06:30:00 UTC)" (scheduled at 2025-06-24 06:15:00+00:00)
2025-06-24 09:15:00,019 - INFO - 🔍 Отримано 7 пар(и) з БД
2025-06-24 09:15:09,188 - INFO - Job "pulse (trigger: cron[minute='0,15,30,45'], next run at: 2025-06-24 06:30:00 UTC)" executed successfully
2025-06-24 09:30:00,023 - INFO - Running job "pulse (trigger: cron[minute='0,15,30,45'], next run at: 2025-06-24 06:45:00 UTC)" (scheduled at 2025-06-24 06:30:00+00:00)
2025-06-24 09:30:00,024 - INFO - 🔍 Отримано 7 пар(и) з БД
2025-06-24 09:30:09,761 - INFO - Job "pulse (trigger: cron[minute='0,15,30,45'], next run at: 2025-06-24 06:45:00 UTC)" executed successfully
2025-06-24 09:45:00,014 - INFO - Running job "pulse (trigger: cron[minute='0,15,30,45'], next run at: 2025-06-24 07:00:00 UTC)" (scheduled at 2025-06-24 06:45:00+00:00)
2025-06-24 09:45:00,016 - INFO - 🔍 Отримано 7 пар(и) з БД
2025-06-24 09:45:09,897 - INFO - Job "pulse (trigger: cron[minute='0,15,30,45'], next run at: 2025-06-24 07:00:00 UTC)" executed successfully
2025-06-24 10:00:00,022 - INFO - Running job "hourly_report (trigger: cron[minute='0'], next run at: 2025-06-24 08:00:00 UTC)" (scheduled at 2025-06-24 07:00:00+00:00)
2025-06-24 10:00:00,023 - INFO - 🔍 Отримано 7 пар(и) з БД
2025-06-24 10:00:00,025 - INFO - Running job "pulse (trigger: cron[minute='0,15,30,45'], next run at: 2025-06-24 07:15:00 UTC)" (scheduled at 2025-06-24 07:00:00+00:00)
2025-06-24 10:00:00,026 - INFO - 🔍 Отримано 7 пар(и) з БД
2025-06-24 10:00:08,537 - INFO - Job "hourly_report (trigger: cron[minute='0'], next run at: 2025-06-24 08:00:00 UTC)" executed successfully
2025-06-24 10:00:09,687 - INFO - Job "pulse (trigger: cron[minute='0,15,30,45'], next run at: 2025-06-24 07:15:00 UTC)" executed successfully
2025-06-24 10:15:00,009 - INFO - Running job "pulse (trigger: cron[minute='0,15,30,45'], next run at: 2025-06-24 07:30:00 UTC)" (scheduled at 2025-06-24 07:15:00+00:00)
2025-06-24 10:15:00,011 - INFO - 🔍 Отримано 7 пар(и) з БД
2025-06-24 10:15:10,021 - INFO - Job "pulse (trigger: cron[minute='0,15,30,45'], next run at: 2025-06-24 07:30:00 UTC)" executed successfully
2025-06-24 10:30:00,021 - INFO - Running job "pulse (trigger: cron[minute='0,15,30,45'], next run at: 2025-06-24 07:45:00 UTC)" (scheduled at 2025-06-24 07:30:00+00:00)
2025-06-24 10:30:00,023 - INFO - 🔍 Отримано 7 пар(и) з БД
2025-06-24 10:30:09,630 - INFO - Job "pulse (trigger: cron[minute='0,15,30,45'], next run at: 2025-06-24 07:45:00 UTC)" executed successfully
2025-06-24 10:45:00,010 - INFO - Running job "pulse (trigger: cron[minute='0,15,30,45'], next run at: 2025-06-24 08:00:00 UTC)" (scheduled at 2025-06-24 07:45:00+00:00)
2025-06-24 10:45:00,011 - INFO - 🔍 Отримано 7 пар(и) з БД
2025-06-24 10:45:10,002 - INFO - Job "pulse (trigger: cron[minute='0,15,30,45'], next run at: 2025-06-24 08:00:00 UTC)" executed successfully
2025-06-24 11:00:00,015 - INFO - Running job "hourly_report (trigger: cron[minute='0'], next run at: 2025-06-24 09:00:00 UTC)" (scheduled at 2025-06-24 08:00:00+00:00)
2025-06-24 11:00:00,017 - INFO - 🔍 Отримано 7 пар(и) з БД
2025-06-24 11:00:00,018 - INFO - Running job "pulse (trigger: cron[minute='0,15,30,45'], next run at: 2025-06-24 08:15:00 UTC)" (scheduled at 2025-06-24 08:00:00+00:00)
2025-06-24 11:00:00,020 - INFO - 🔍 Отримано 7 пар(и) з БД
2025-06-24 11:00:08,763 - INFO - Job "hourly_report (trigger: cron[minute='0'], next run at: 2025-06-24 09:00:00 UTC)" executed successfully
2025-06-24 11:00:09,925 - INFO - Job "pulse (trigger: cron[minute='0,15,30,45'], next run at: 2025-06-24 08:15:00 UTC)" executed successfully
